mode: set
github.com/dkosasih/meeting-light-proxy/albums/endpoints.go:7.68,13.2 4 0
github.com/dkosasih/meeting-light-proxy/albums/endpoints.go:15.64,16.30 1 0
github.com/dkosasih/meeting-light-proxy/albums/endpoints.go:16.30,18.3 1 0
github.com/dkosasih/meeting-light-proxy/albums/endpoints.go:21.69,22.30 1 0
github.com/dkosasih/meeting-light-proxy/albums/endpoints.go:22.30,24.3 1 0
github.com/dkosasih/meeting-light-proxy/albums/endpoints.go:27.67,28.30 1 0
github.com/dkosasih/meeting-light-proxy/albums/endpoints.go:28.30,30.3 1 0
github.com/dkosasih/meeting-light-proxy/albums/handlerFactory.go:17.84,22.17 3 0
github.com/dkosasih/meeting-light-proxy/albums/handlerFactory.go:32.2,32.12 1 0
github.com/dkosasih/meeting-light-proxy/albums/handlerFactory.go:23.11,26.27 2 0
github.com/dkosasih/meeting-light-proxy/albums/handlerFactory.go:27.10,29.27 2 0
github.com/dkosasih/meeting-light-proxy/openhab/endpoints.go:7.70,11.2 2 1
github.com/dkosasih/meeting-light-proxy/openhab/endpoints.go:13.70,14.30 1 1
github.com/dkosasih/meeting-light-proxy/openhab/endpoints.go:14.30,16.3 1 1
github.com/dkosasih/meeting-light-proxy/openhab/handlerFactory.go:19.88,32.17 6 0
github.com/dkosasih/meeting-light-proxy/openhab/handlerFactory.go:42.2,42.12 1 0
github.com/dkosasih/meeting-light-proxy/openhab/handlerFactory.go:33.11,36.47 2 0
github.com/dkosasih/meeting-light-proxy/openhab/handlerFactory.go:37.10,39.47 2 0
github.com/dkosasih/meeting-light-proxy/openhab/v1/handler.go:19.56,21.48 2 1
github.com/dkosasih/meeting-light-proxy/openhab/v1/handler.go:25.2,30.12 4 1
github.com/dkosasih/meeting-light-proxy/openhab/v1/handler.go:35.2,35.32 1 1
github.com/dkosasih/meeting-light-proxy/openhab/v1/handler.go:21.48,24.3 2 1
github.com/dkosasih/meeting-light-proxy/openhab/v1/handler.go:30.12,33.3 2 1
github.com/dkosasih/meeting-light-proxy/openhab/v1/handler.go:35.32,38.3 2 0
github.com/dkosasih/meeting-light-proxy/openhab/v1/handler.go:41.82,42.23 1 1
github.com/dkosasih/meeting-light-proxy/openhab/v1/handler.go:47.2,48.23 2 1
github.com/dkosasih/meeting-light-proxy/openhab/v1/handler.go:54.2,57.16 4 1
github.com/dkosasih/meeting-light-proxy/openhab/v1/handler.go:62.2,63.16 2 1
github.com/dkosasih/meeting-light-proxy/openhab/v1/handler.go:69.2,69.10 1 1
github.com/dkosasih/meeting-light-proxy/openhab/v1/handler.go:42.23,45.3 2 1
github.com/dkosasih/meeting-light-proxy/openhab/v1/handler.go:48.23,52.3 3 0
github.com/dkosasih/meeting-light-proxy/openhab/v1/handler.go:57.16,60.3 2 0
github.com/dkosasih/meeting-light-proxy/openhab/v1/handler.go:63.16,67.3 3 1
